<?xml version="1.0" encoding="UTF-8"?>
<testsuite xmlns:xsi="http://www.w3.org/2001/XMLSchema-instance" xsi:noNamespaceSchemaLocation="https://maven.apache.org/surefire/maven-surefire-plugin/xsd/surefire-test-report.xsd" name="org.apache.commons.io.ByteOrderMarkTestCase" time="0.018" tests="9" errors="0" skipped="0" failures="0">
  <properties>
[...]
</properties>
  <testcase name="errors" classname="org.apache.commons.io.ByteOrderMarkTestCase" time="0.001"/>
  <testcase name="charsetName" classname="org.apache.commons.io.ByteOrderMarkTestCase" time="0"/>
  <testcase name="testToString" classname="org.apache.commons.io.ByteOrderMarkTestCase" time="0"/>
  <testcase name="get" classname="org.apache.commons.io.ByteOrderMarkTestCase" time="0"/>
  <testcase name="testHashCode" classname="org.apache.commons.io.ByteOrderMarkTestCase" time="0"/>
  <testcase name="constantCharsetNames" classname="org.apache.commons.io.ByteOrderMarkTestCase" time="0.001"/>
  <testcase name="testEquals" classname="org.apache.commons.io.ByteOrderMarkTestCase" time="0"/>
  <testcase name="testLength" classname="org.apache.commons.io.ByteOrderMarkTestCase" time="0"/>
  <testcase name="getBytes" classname="org.apache.commons.io.ByteOrderMarkTestCase" time="0"/>
</testsuite>