<?xml version="1.0" encoding="UTF-8"?>
<testsuite xmlns:xsi="http://www.w3.org/2001/XMLSchema-instance" xsi:noNamespaceSchemaLocation="https://maven.apache.org/surefire/maven-surefire-plugin/xsd/surefire-test-report.xsd" name="org.apache.commons.io.filefilter.FileFilterTestCase" time="2.075" tests="48" errors="0" skipped="1" failures="0">
  <properties>
[...]
</properties>
  <testcase name="testFileFilterUtils_or" classname="org.apache.commons.io.filefilter.FileFilterTestCase" time="0.015"/>
  <testcase name="testMakeSVNAware" classname="org.apache.commons.io.filefilter.FileFilterTestCase" time="0.002"/>
  <testcase name="testMagicNumberFileFilterValidation" classname="org.apache.commons.io.filefilter.FileFilterTestCase" time="0.001"/>
  <testcase name="testNameFilter" classname="org.apache.commons.io.filefilter.FileFilterTestCase" time="0"/>
  <testcase name="testMagicNumberFileFilterString" classname="org.apache.commons.io.filefilter.FileFilterTestCase" time="0.002"/>
  <testcase name="testFilterArray" classname="org.apache.commons.io.filefilter.FileFilterTestCase" time="0"/>
  <testcase name="testMagicNumberFileFilterBytesOffset" classname="org.apache.commons.io.filefilter.FileFilterTestCase" time="0.001"/>
  <testcase name="testAnd" classname="org.apache.commons.io.filefilter.FileFilterTestCase" time="0.001"/>
  <testcase name="testNot" classname="org.apache.commons.io.filefilter.FileFilterTestCase" time="0"/>
  <testcase name="testDeprecatedWildcard" classname="org.apache.commons.io.filefilter.FileFilterTestCase" time="0.001"/>
  <testcase name="testEmpty" classname="org.apache.commons.io.filefilter.FileFilterTestCase" time="0.001"/>
  <testcase name="testFalse" classname="org.apache.commons.io.filefilter.FileFilterTestCase" time="0"/>
  <testcase name="testFiles" classname="org.apache.commons.io.filefilter.FileFilterTestCase" time="0"/>
  <testcase name="testTrue" classname="org.apache.commons.io.filefilter.FileFilterTestCase" time="0"/>
  <testcase name="testFileFilterUtils_and" classname="org.apache.commons.io.filefilter.FileFilterTestCase" time="0.001"/>
  <testcase name="testPrefixCaseInsensitive" classname="org.apache.commons.io.filefilter.FileFilterTestCase" time="0"/>
  <testcase name="testOr" classname="org.apache.commons.io.filefilter.FileFilterTestCase" time="0"/>
  <testcase name="testWildcard" classname="org.apache.commons.io.filefilter.FileFilterTestCase" time="0.001"/>
  <testcase name="testDirectory" classname="org.apache.commons.io.filefilter.FileFilterTestCase" time="0"/>
  <testcase name="testNameFilterNullListArgument" classname="org.apache.commons.io.filefilter.FileFilterTestCase" time="0.001"/>
  <testcase name="testFilterSet_fromArray" classname="org.apache.commons.io.filefilter.FileFilterTestCase" time="0"/>
  <testcase name="testFilterSet" classname="org.apache.commons.io.filefilter.FileFilterTestCase" time="0"/>
  <testcase name="testFilterSetNullParameters" classname="org.apache.commons.io.filefilter.FileFilterTestCase" time="0.001"/>
  <testcase name="testEnsureTestCoverage" classname="org.apache.commons.io.filefilter.FileFilterTestCase" time="0"/>
  <testcase name="testNameFilterNullArgument" classname="org.apache.commons.io.filefilter.FileFilterTestCase" time="0"/>
  <testcase name="testNullFilters" classname="org.apache.commons.io.filefilter.FileFilterTestCase" time="0"/>
  <testcase name="testCanRead" classname="org.apache.commons.io.filefilter.FileFilterTestCase" time="0.001"/>
  <testcase name="testMakeCVSAware" classname="org.apache.commons.io.filefilter.FileFilterTestCase" time="0.001"/>
  <testcase name="testMagicNumberFileFilterBytes" classname="org.apache.commons.io.filefilter.FileFilterTestCase" time="0.001"/>
  <testcase name="testMagicNumberFileFilterStringOffset" classname="org.apache.commons.io.filefilter.FileFilterTestCase" time="0.001"/>
  <testcase name="testDelegateFileFilter" classname="org.apache.commons.io.filefilter.FileFilterTestCase" time="0"/>
  <testcase name="testCanWrite" classname="org.apache.commons.io.filefilter.FileFilterTestCase" time="0.001"/>
  <testcase name="testNameFilterNullArrayArgument" classname="org.apache.commons.io.filefilter.FileFilterTestCase" time="0"/>
  <testcase name="testDelegation" classname="org.apache.commons.io.filefilter.FileFilterTestCase" time="0"/>
  <testcase name="testFilterListNullParameters" classname="org.apache.commons.io.filefilter.FileFilterTestCase" time="0"/>
  <testcase name="testCanExecute" classname="org.apache.commons.io.filefilter.FileFilterTestCase" time="0">
    <skipped message="got: &lt;false&gt;, expected: is &lt;true&gt;"/>
  </testcase>
  <testcase name="testFilterList_fromArray" classname="org.apache.commons.io.filefilter.FileFilterTestCase" time="0.001"/>
  <testcase name="testSizeFilter" classname="org.apache.commons.io.filefilter.FileFilterTestCase" time="0.001"/>
  <testcase name="testFilterArrayNullParameters" classname="org.apache.commons.io.filefilter.FileFilterTestCase" time="0"/>
  <testcase name="testMakeDirectoryOnly" classname="org.apache.commons.io.filefilter.FileFilterTestCase" time="0.001"/>
  <testcase name="testHidden" classname="org.apache.commons.io.filefilter.FileFilterTestCase" time="0"/>
  <testcase name="testMakeFileOnly" classname="org.apache.commons.io.filefilter.FileFilterTestCase" time="0.001"/>
  <testcase name="testFilterArray_fromList" classname="org.apache.commons.io.filefilter.FileFilterTestCase" time="0"/>
  <testcase name="testPrefix" classname="org.apache.commons.io.filefilter.FileFilterTestCase" time="0.001"/>
  <testcase name="testSuffix" classname="org.apache.commons.io.filefilter.FileFilterTestCase" time="0"/>
  <testcase name="testSuffixCaseInsensitive" classname="org.apache.commons.io.filefilter.FileFilterTestCase" time="0"/>
  <testcase name="testFilterList" classname="org.apache.commons.io.filefilter.FileFilterTestCase" time="0"/>
  <testcase name="testAgeFilter" classname="org.apache.commons.io.filefilter.FileFilterTestCase" time="2.011"/>
</testsuite>