<?xml version="1.0" encoding="UTF-8"?>
<testsuite xmlns:xsi="http://www.w3.org/2001/XMLSchema-instance" xsi:noNamespaceSchemaLocation="https://maven.apache.org/surefire/maven-surefire-plugin/xsd/surefire-test-report.xsd" name="org.apache.commons.io.IOUtilsTestCase" time="0.109" tests="107" errors="0" skipped="0" failures="0">
  <properties>
[...]
</properties>
  <testcase name="testToCharArray_Reader" classname="org.apache.commons.io.IOUtilsTestCase" time="0.016"/>
  <testcase name="testResourceToString_ExistingResourceAtSubPackage" classname="org.apache.commons.io.IOUtilsTestCase" time="0.001"/>
  <testcase name="testToString_InputStream" classname="org.apache.commons.io.IOUtilsTestCase" time="0.001"/>
  <testcase name="testResourceToString_NonExistingResource" classname="org.apache.commons.io.IOUtilsTestCase" time="0.001"/>
  <testcase name="testResourceToByteArray_ExistingResourceAtSubPackage" classname="org.apache.commons.io.IOUtilsTestCase" time="0.001"/>
  <testcase name="testContentEqualsIgnoreEOL" classname="org.apache.commons.io.IOUtilsTestCase" time="0"/>
  <testcase name="testResourceToString_NonExistingResource_WithClassLoader" classname="org.apache.commons.io.IOUtilsTestCase" time="0.001"/>
  <testcase name="testCopyLarge_FullLength" classname="org.apache.commons.io.IOUtilsTestCase" time="0"/>
  <testcase name="testCloseQuietly_SelectorNull" classname="org.apache.commons.io.IOUtilsTestCase" time="0.001"/>
  <testcase name="testCopy_String_Writer" classname="org.apache.commons.io.IOUtilsTestCase" time="0.001"/>
  <testcase name="testToByteArray_InputStream_NegativeSize" classname="org.apache.commons.io.IOUtilsTestCase" time="0.001"/>
  <testcase name="testToString_Reader" classname="org.apache.commons.io.IOUtilsTestCase" time="0"/>
  <testcase name="testReadFully_InputStream_Offset" classname="org.apache.commons.io.IOUtilsTestCase" time="0.001"/>
  <testcase name="testCopyLarge_CharExtraLength" classname="org.apache.commons.io.IOUtilsTestCase" time="0"/>
  <testcase name="testResourceToString_NullCharset" classname="org.apache.commons.io.IOUtilsTestCase" time="0.001"/>
  <testcase name="testSkip_ReadableByteChannel" classname="org.apache.commons.io.IOUtilsTestCase" time="0.002"/>
  <testcase name="testAsBufferedReaderWithBufferSize" classname="org.apache.commons.io.IOUtilsTestCase" time="0"/>
  <testcase name="testSkipFully_Reader" classname="org.apache.commons.io.IOUtilsTestCase" time="0.001"/>
  <testcase name="testToString_URL_CharsetNameNull" classname="org.apache.commons.io.IOUtilsTestCase" time="0"/>
  <testcase name="testResourceToString_ExistingResourceAtRootPackage" classname="org.apache.commons.io.IOUtilsTestCase" time="0.001"/>
  <testcase name="testToInputStream_String" classname="org.apache.commons.io.IOUtilsTestCase" time="0"/>
  <testcase name="testToByteArray_URI" classname="org.apache.commons.io.IOUtilsTestCase" time="0.001"/>
  <testcase name="testToByteArray_URL" classname="org.apache.commons.io.IOUtilsTestCase" time="0"/>
  <testcase name="testAsBufferedOutputStreamWithBufferSize" classname="org.apache.commons.io.IOUtilsTestCase" time="0"/>
  <testcase name="testToString_URL_CharsetName" classname="org.apache.commons.io.IOUtilsTestCase" time="0.001"/>
  <testcase name="testToByteArray_InputStream_SizeLong" classname="org.apache.commons.io.IOUtilsTestCase" time="0"/>
  <testcase name="testToByteArray_InputStream_SizeZero" classname="org.apache.commons.io.IOUtilsTestCase" time="0.001"/>
  <testcase name="testCloseQuietly_Socket" classname="org.apache.commons.io.IOUtilsTestCase" time="0.001"/>
  <testcase name="testToString_ByteArray" classname="org.apache.commons.io.IOUtilsTestCase" time="0"/>
  <testcase name="testToString_URI_CharsetNameNull" classname="org.apache.commons.io.IOUtilsTestCase" time="0.001"/>
  <testcase name="testCopy_ByteArray_Writer" classname="org.apache.commons.io.IOUtilsTestCase" time="0.001"/>
  <testcase name="testCopyLarge_NoSkip" classname="org.apache.commons.io.IOUtilsTestCase" time="0"/>
  <testcase name="testToInputStream_CharSequence" classname="org.apache.commons.io.IOUtilsTestCase" time="0.001"/>
  <testcase name="testSkip_InputStream" classname="org.apache.commons.io.IOUtilsTestCase" time="0"/>
  <testcase name="testCloseQuietly_SelectorIOException" classname="org.apache.commons.io.IOUtilsTestCase" time="0.001"/>
  <testcase name="testResourceToURL_Null" classname="org.apache.commons.io.IOUtilsTestCase" time="0"/>
  <testcase name="testAsBufferedWriterWithBufferSize" classname="org.apache.commons.io.IOUtilsTestCase" time="0"/>
  <testcase name="testResourceToURL_NonExistingResource" classname="org.apache.commons.io.IOUtilsTestCase" time="0.001"/>
  <testcase name="testAsBufferedReader" classname="org.apache.commons.io.IOUtilsTestCase" time="0"/>
  <testcase name="testToByteArray_InputStream" classname="org.apache.commons.io.IOUtilsTestCase" time="0.001"/>
  <testcase name="testCopyLarge_CharFullLength" classname="org.apache.commons.io.IOUtilsTestCase" time="0.001"/>
  <testcase name="testAsBufferedWriter" classname="org.apache.commons.io.IOUtilsTestCase" time="0"/>
  <testcase name="testResourceToURL_ExistingResourceAtRootPackage_WithClassLoader" classname="org.apache.commons.io.IOUtilsTestCase" time="0.001"/>
  <testcase name="testResourceToURL_NonExistingResource_WithClassLoader" classname="org.apache.commons.io.IOUtilsTestCase" time="0"/>
  <testcase name="testResourceToByteArray_NonExistingResource_WithClassLoader" classname="org.apache.commons.io.IOUtilsTestCase" time="0.001"/>
  <testcase name="testToString_URI_CharsetName" classname="org.apache.commons.io.IOUtilsTestCase" time="0.001"/>
  <testcase name="testCloseQuietly_SocketIOException" classname="org.apache.commons.io.IOUtilsTestCase" time="0"/>
  <testcase name="testSkipFully_ReadableByteChannel" classname="org.apache.commons.io.IOUtilsTestCase" time="0.001"/>
  <testcase name="testToByteArray_InputStream_Size" classname="org.apache.commons.io.IOUtilsTestCase" time="0"/>
  <testcase name="testCopyLarge_SkipInvalid" classname="org.apache.commons.io.IOUtilsTestCase" time="0.001"/>
  <testcase name="testResourceToByteArray_Null" classname="org.apache.commons.io.IOUtilsTestCase" time="0"/>
  <testcase name="testCopyLarge_CharNoSkip" classname="org.apache.commons.io.IOUtilsTestCase" time="0.001"/>
  <testcase name="testResourceToString_NullCharset_WithClassLoader" classname="org.apache.commons.io.IOUtilsTestCase" time="0.003"/>
  <testcase name="testResourceToByteArray_ExistingResourceAtRootPackage_WithClassLoader" classname="org.apache.commons.io.IOUtilsTestCase" time="0.001"/>
  <testcase name="testCopy_ByteArray_OutputStream" classname="org.apache.commons.io.IOUtilsTestCase" time="0"/>
  <testcase name="testResourceToByteArray_ExistingResourceAtSubPackage_WithClassLoader" classname="org.apache.commons.io.IOUtilsTestCase" time="0.001"/>
  <testcase name="testSkip_FileReader" classname="org.apache.commons.io.IOUtilsTestCase" time="0.001"/>
  <testcase name="testConstants" classname="org.apache.commons.io.IOUtilsTestCase" time="0.001"/>
  <testcase name="testReadFully_InputStream__ReturnByteArray" classname="org.apache.commons.io.IOUtilsTestCase" time="0.002"/>
  <testcase name="testReadLines_Reader" classname="org.apache.commons.io.IOUtilsTestCase" time="0.001"/>
  <testcase name="testAsBufferedOutputStream" classname="org.apache.commons.io.IOUtilsTestCase" time="0"/>
  <testcase name="testAsBufferedNull" classname="org.apache.commons.io.IOUtilsTestCase" time="0"/>
  <testcase name="testSkipFully_InputStream" classname="org.apache.commons.io.IOUtilsTestCase" time="0"/>
  <testcase name="testCloseQuietly_SelectorTwice" classname="org.apache.commons.io.IOUtilsTestCase" time="0.001"/>
  <testcase name="testStringToOutputStream" classname="org.apache.commons.io.IOUtilsTestCase" time="0.004"/>
  <testcase name="testReadFully_Reader_Offset" classname="org.apache.commons.io.IOUtilsTestCase" time="0"/>
  <testcase name="testCloseQuietly_ServerSocketIOException" classname="org.apache.commons.io.IOUtilsTestCase" time="0.001"/>
  <testcase name="testResourceToString_NullResource_WithClassLoader" classname="org.apache.commons.io.IOUtilsTestCase" time="0"/>
  <testcase name="testCopyLarge_ExtraLength" classname="org.apache.commons.io.IOUtilsTestCase" time="0.001"/>
  <testcase name="testCopyLarge_Skip" classname="org.apache.commons.io.IOUtilsTestCase" time="0"/>
  <testcase name="testRead_ReadableByteChannel" classname="org.apache.commons.io.IOUtilsTestCase" time="0.001"/>
  <testcase name="testToBufferedInputStream_InputStream" classname="org.apache.commons.io.IOUtilsTestCase" time="0.001"/>
  <testcase name="testCloseQuietly_Selector" classname="org.apache.commons.io.IOUtilsTestCase" time="0"/>
  <testcase name="testCloseQuietly_AllCloseableIOException" classname="org.apache.commons.io.IOUtilsTestCase" time="0"/>
  <testcase name="testContentEquals_Reader_Reader" classname="org.apache.commons.io.IOUtilsTestCase" time="0.001"/>
  <testcase name="testAsBufferedInputStreamWithBufferSize" classname="org.apache.commons.io.IOUtilsTestCase" time="0"/>
  <testcase name="testAsBufferedInputStream" classname="org.apache.commons.io.IOUtilsTestCase" time="0"/>
  <testcase name="testReadFully_InputStream_ByteArray" classname="org.apache.commons.io.IOUtilsTestCase" time="0.001"/>
  <testcase name="testToByteArray_Reader" classname="org.apache.commons.io.IOUtilsTestCase" time="0.001"/>
  <testcase name="testToCharArray_InputStream" classname="org.apache.commons.io.IOUtilsTestCase" time="0.001"/>
  <testcase name="testReadLines_InputStream" classname="org.apache.commons.io.IOUtilsTestCase" time="0"/>
  <testcase name="testToByteArray_String" classname="org.apache.commons.io.IOUtilsTestCase" time="0.001"/>
  <testcase name="testCopyLarge_CharSkip" classname="org.apache.commons.io.IOUtilsTestCase" time="0"/>
  <testcase name="testReadFully_ReadableByteChannel" classname="org.apache.commons.io.IOUtilsTestCase" time="0.001"/>
  <testcase name="testResourceToString_ExistingResourceAtSubPackage_WithClassLoader" classname="org.apache.commons.io.IOUtilsTestCase" time="0"/>
  <testcase name="testResourceToURL_ExistingResourceAtRootPackage" classname="org.apache.commons.io.IOUtilsTestCase" time="0"/>
  <testcase name="testCopyLarge_SkipWithInvalidOffset" classname="org.apache.commons.io.IOUtilsTestCase" time="0.001"/>
  <testcase name="testResourceToURL_ExistingResourceAtSubPackage_WithClassLoader" classname="org.apache.commons.io.IOUtilsTestCase" time="0"/>
  <testcase name="testResourceToString_NullResource" classname="org.apache.commons.io.IOUtilsTestCase" time="0.001"/>
  <testcase name="testToByteArray_URLConnection" classname="org.apache.commons.io.IOUtilsTestCase" time="0"/>
  <testcase name="testToBufferedInputStreamWithBufferSize_InputStream" classname="org.apache.commons.io.IOUtilsTestCase" time="0.001"/>
  <testcase name="testResourceToURL_Null_WithClassLoader" classname="org.apache.commons.io.IOUtilsTestCase" time="0"/>
  <testcase name="testResourceToByteArray_Null_WithClassLoader" classname="org.apache.commons.io.IOUtilsTestCase" time="0.001"/>
  <testcase name="testToByteArray_InputStream_SizeIllegal" classname="org.apache.commons.io.IOUtilsTestCase" time="0"/>
  <testcase name="testToString_URI" classname="org.apache.commons.io.IOUtilsTestCase" time="0"/>
  <testcase name="testToString_URL" classname="org.apache.commons.io.IOUtilsTestCase" time="0.001"/>
  <testcase name="testResourceToURL_ExistingResourceAtSubPackage" classname="org.apache.commons.io.IOUtilsTestCase" time="0"/>
  <testcase name="testReadLines_InputStream_String" classname="org.apache.commons.io.IOUtilsTestCase" time="0.001"/>
  <testcase name="testCloseQuietly_ServerSocket" classname="org.apache.commons.io.IOUtilsTestCase" time="0"/>
  <testcase name="testResourceToString_ExistingResourceAtRootPackage_WithClassLoader" classname="org.apache.commons.io.IOUtilsTestCase" time="0.001"/>
  <testcase name="testCloseQuietly_CloseableIOException" classname="org.apache.commons.io.IOUtilsTestCase" time="0"/>
  <testcase name="testContentEquals_InputStream_InputStream" classname="org.apache.commons.io.IOUtilsTestCase" time="0.001"/>
  <testcase name="testReadFully_Reader" classname="org.apache.commons.io.IOUtilsTestCase" time="0"/>
  <testcase name="testToCharArray_InputStream_CharsetName" classname="org.apache.commons.io.IOUtilsTestCase" time="0.001"/>
  <testcase name="testResourceToByteArray_NonExistingResource" classname="org.apache.commons.io.IOUtilsTestCase" time="0.001"/>
  <testcase name="testResourceToByteArray_ExistingResourceAtRootPackage" classname="org.apache.commons.io.IOUtilsTestCase" time="0.001"/>
  <testcase name="testCopyLarge_CharSkipInvalid" classname="org.apache.commons.io.IOUtilsTestCase" time="0"/>
</testsuite>